<!DOCTYPE html PUBLIC "-//W3C//DTD XHTML 1.1//EN" "http://www.w3.org/TR/xhtml11/DTD/xhtml11.dtd">
<html xmlns="http://www.w3.org/1999/xhtml">
<head>
<meta http-equiv="content-type" content="text/html; charset=UTF-8"/>
<title>TestNG Report</title>
<style type="text/css">table {margin-bottom:10px;border-collapse:collapse;empty-cells:show}th,td {border:1px solid #009;padding:.25em .5em}th {vertical-align:bottom}td {vertical-align:top}table a {font-weight:bold}.stripe td {background-color: #E6EBF9}.num {text-align:right}.passedodd td {background-color: #3F3}.passedeven td {background-color: #0A0}.skippedodd td {background-color: #DDD}.skippedeven td {background-color: #CCC}.failedodd td,.attn {background-color: #F33}.failedeven td,.stripe .attn {background-color: #D00}.stacktrace {white-space:pre;font-family:monospace}.totop {font-size:85%;text-align:center;border-bottom:2px solid #000}.invisible {display:none}</style>
</head>
<body>
<table>
<tr><th>Test</th><th># Passed</th><th># Skipped</th><th># Failed</th><th>Time (ms)</th><th>Included Groups</th><th>Excluded Groups</th></tr>
<tr><th colspan="7">Suite</th></tr>
<tr><td><a href="#t0">Test</a></td><td class="num">0</td><td class="num attn">4</td><td class="num">0</td><td class="num">205</td><td></td><td></td></tr>
</table>
<table id='summary'><thead><tr><th>Class</th><th>Method</th><th>Start</th><th>Time (ms)</th></tr></thead><tbody><tr><th colspan="4">Suite</th></tr></tbody><tbody id="t0"><tr><th colspan="4">Test &#8212; failed (configuration methods)</th></tr><tr class="failedeven"><td rowspan="1">com.yw.testcase.MaterialBasicTest</td><td><a href="#m0">beforeClass</a></td><td rowspan="1">1549873637655</td><td rowspan="1">167</td></tr><tr><th colspan="4">Test &#8212; skipped (configuration methods)</th></tr><tr class="skippedeven"><td rowspan="2">com.yw.testcase.MaterialBasicTest</td><td><a href="#m1">afterTest</a></td><td rowspan="1">1549873637854</td><td rowspan="1">0</td></tr><tr class="skippedeven"><td><a href="#m2">beforeMethod</a></td><td rowspan="1">1549873637853</td><td rowspan="1">0</td></tr><tr><th colspan="4">Test &#8212; skipped</th></tr><tr class="skippedeven"><td rowspan="4">com.yw.testcase.MaterialBasicTest</td><td><a href="#m3">materialBasicCheck</a></td><td rowspan="1">1549873637848</td><td rowspan="1">0</td></tr><tr class="skippedeven"><td><a href="#m4">materialBasicDel</a></td><td rowspan="1">1549873637854</td><td rowspan="1">0</td></tr><tr class="skippedeven"><td><a href="#m5">materialBasicIndex</a></td><td rowspan="1">1549873637829</td><td rowspan="1">0</td></tr><tr class="skippedeven"><td><a href="#m6">materialBasicModify</a></td><td rowspan="1">1549873637838</td><td rowspan="1">0</td></tr></tbody>
</table>
<h2>Test</h2><h3 id="m0">com.yw.testcase.MaterialBasicTest#beforeClass</h3><table class="result"><tr><th>Exception</th></tr><tr><td><div class="stacktrace">java.lang.NoClassDefFoundError: org/apache/commons/logging/LogFactory
	at org.apache.http.conn.ssl.AbstractVerifier.&lt;init&gt;(AbstractVerifier.java:61)
	at org.apache.http.conn.ssl.AllowAllHostnameVerifier.&lt;init&gt;(AllowAllHostnameVerifier.java:44)
	at org.apache.http.conn.ssl.AllowAllHostnameVerifier.&lt;clinit&gt;(AllowAllHostnameVerifier.java:46)
	at org.apache.http.conn.ssl.SSLConnectionSocketFactory.&lt;clinit&gt;(SSLConnectionSocketFactory.java:146)
	at org.openqa.selenium.remote.internal.HttpClientFactory.getClientConnectionManager(HttpClientFactory.java:71)
	at org.openqa.selenium.remote.internal.HttpClientFactory.&lt;init&gt;(HttpClientFactory.java:57)
	at org.openqa.selenium.remote.internal.HttpClientFactory.&lt;init&gt;(HttpClientFactory.java:60)
	at org.openqa.selenium.remote.internal.ApacheHttpClient$Factory.getDefaultHttpClientFactory(ApacheHttpClient.java:247)
	at org.openqa.selenium.remote.internal.ApacheHttpClient$Factory.&lt;init&gt;(ApacheHttpClient.java:224)
	at org.openqa.selenium.remote.HttpCommandExecutor.getDefaultClientFactory(HttpCommandExecutor.java:93)
	at org.openqa.selenium.remote.HttpCommandExecutor.&lt;init&gt;(HttpCommandExecutor.java:72)
	at org.openqa.selenium.remote.service.DriverCommandExecutor.&lt;init&gt;(DriverCommandExecutor.java:62)
	at org.openqa.selenium.chrome.ChromeDriverCommandExecutor.&lt;init&gt;(ChromeDriverCommandExecutor.java:39)
	at org.openqa.selenium.chrome.ChromeDriver.&lt;init&gt;(ChromeDriver.java:184)
	at org.openqa.selenium.chrome.ChromeDriver.&lt;init&gt;(ChromeDriver.java:171)
	at org.openqa.selenium.chrome.ChromeDriver.&lt;init&gt;(ChromeDriver.java:124)
	at com.yw.utils.BrowserUtil.chrome(BrowserUtil.java:21)
	at com.yw.testcase.MaterialBasicTest.beforeClass(MaterialBasicTest.java:36)
Caused by: java.lang.ClassNotFoundException: org.apache.commons.logging.LogFactory
	at java.net.URLClassLoader.findClass(URLClassLoader.java:381)
	at java.lang.ClassLoader.loadClass(ClassLoader.java:424)
	at sun.misc.Launcher$AppClassLoader.loadClass(Launcher.java:349)
	at java.lang.ClassLoader.loadClass(ClassLoader.java:357)
	... 53 more
... Removed 35 stack frames</div></td></tr></table><p class="totop"><a href="#summary">back to summary</a></p>
<h3 id="m1">com.yw.testcase.MaterialBasicTest#afterTest</h3><table class="result"><tr><th class="invisible"/></tr></table><p class="totop"><a href="#summary">back to summary</a></p>
<h3 id="m2">com.yw.testcase.MaterialBasicTest#beforeMethod</h3><table class="result"><tr><th class="invisible"/></tr></table><p class="totop"><a href="#summary">back to summary</a></p>
<h3 id="m3">com.yw.testcase.MaterialBasicTest#materialBasicCheck</h3><table class="result"><tr><th>Exception</th></tr><tr><td><div class="stacktrace">java.lang.RuntimeException: java.lang.NullPointerException
Caused by: java.lang.NullPointerException
	at java.io.File.&lt;init&gt;(File.java:277)
	at com.yw.utils.DttUtil.dtt(DttUtil.java:15)
	at com.yw.testcase.MaterialBasicTest.mBCheck(MaterialBasicTest.java:65)
	... 31 more
... Removed 39 stack frames</div></td></tr></table><p class="totop"><a href="#summary">back to summary</a></p>
<h3 id="m4">com.yw.testcase.MaterialBasicTest#materialBasicDel</h3><table class="result"><tr><th>Exception</th></tr><tr><td><div class="stacktrace">java.lang.NoClassDefFoundError: org/apache/commons/logging/LogFactory
	at org.apache.http.conn.ssl.AbstractVerifier.&lt;init&gt;(AbstractVerifier.java:61)
	at org.apache.http.conn.ssl.AllowAllHostnameVerifier.&lt;init&gt;(AllowAllHostnameVerifier.java:44)
	at org.apache.http.conn.ssl.AllowAllHostnameVerifier.&lt;clinit&gt;(AllowAllHostnameVerifier.java:46)
	at org.apache.http.conn.ssl.SSLConnectionSocketFactory.&lt;clinit&gt;(SSLConnectionSocketFactory.java:146)
	at org.openqa.selenium.remote.internal.HttpClientFactory.getClientConnectionManager(HttpClientFactory.java:71)
	at org.openqa.selenium.remote.internal.HttpClientFactory.&lt;init&gt;(HttpClientFactory.java:57)
	at org.openqa.selenium.remote.internal.HttpClientFactory.&lt;init&gt;(HttpClientFactory.java:60)
	at org.openqa.selenium.remote.internal.ApacheHttpClient$Factory.getDefaultHttpClientFactory(ApacheHttpClient.java:247)
	at org.openqa.selenium.remote.internal.ApacheHttpClient$Factory.&lt;init&gt;(ApacheHttpClient.java:224)
	at org.openqa.selenium.remote.HttpCommandExecutor.getDefaultClientFactory(HttpCommandExecutor.java:93)
	at org.openqa.selenium.remote.HttpCommandExecutor.&lt;init&gt;(HttpCommandExecutor.java:72)
	at org.openqa.selenium.remote.service.DriverCommandExecutor.&lt;init&gt;(DriverCommandExecutor.java:62)
	at org.openqa.selenium.chrome.ChromeDriverCommandExecutor.&lt;init&gt;(ChromeDriverCommandExecutor.java:39)
	at org.openqa.selenium.chrome.ChromeDriver.&lt;init&gt;(ChromeDriver.java:184)
	at org.openqa.selenium.chrome.ChromeDriver.&lt;init&gt;(ChromeDriver.java:171)
	at org.openqa.selenium.chrome.ChromeDriver.&lt;init&gt;(ChromeDriver.java:124)
	at com.yw.utils.BrowserUtil.chrome(BrowserUtil.java:21)
	at com.yw.testcase.MaterialBasicTest.beforeClass(MaterialBasicTest.java:36)
Caused by: java.lang.ClassNotFoundException: org.apache.commons.logging.LogFactory
	at java.net.URLClassLoader.findClass(URLClassLoader.java:381)
	at java.lang.ClassLoader.loadClass(ClassLoader.java:424)
	at sun.misc.Launcher$AppClassLoader.loadClass(Launcher.java:349)
	at java.lang.ClassLoader.loadClass(ClassLoader.java:357)
	... 53 more
... Removed 35 stack frames</div></td></tr></table><p class="totop"><a href="#summary">back to summary</a></p>
<h3 id="m5">com.yw.testcase.MaterialBasicTest#materialBasicIndex</h3><table class="result"><tr><th>Exception</th></tr><tr><td><div class="stacktrace">java.lang.RuntimeException: java.lang.NullPointerException
Caused by: java.lang.NullPointerException
	at java.io.File.&lt;init&gt;(File.java:277)
	at com.yw.utils.DttUtil.dtt(DttUtil.java:15)
	at com.yw.testcase.MaterialBasicTest.loginBZ(MaterialBasicTest.java:53)
	... 31 more
... Removed 39 stack frames</div></td></tr></table><p class="totop"><a href="#summary">back to summary</a></p>
<h3 id="m6">com.yw.testcase.MaterialBasicTest#materialBasicModify</h3><table class="result"><tr><th>Exception</th></tr><tr><td><div class="stacktrace">java.lang.RuntimeException: java.lang.NullPointerException
Caused by: java.lang.NullPointerException
	at java.io.File.&lt;init&gt;(File.java:277)
	at com.yw.utils.DttUtil.dtt(DttUtil.java:15)
	at com.yw.testcase.MaterialBasicTest.mBModify(MaterialBasicTest.java:61)
	... 31 more
... Removed 39 stack frames</div></td></tr></table><p class="totop"><a href="#summary">back to summary</a></p>
</body>
</html>
