<?xml version="1.0" encoding="UTF-8"?>
<!-- Generated by org.testng.reporters.JUnitXMLReporter -->
<testsuite hostname="SZDJZBDT0105" ignored="1" name="Test" tests="4" failures="0" timestamp="11 二月 2019 08:27:17 GMT" time="0.205" errors="0">
  <testcase name="@BeforeClass beforeClass" time="0.167" classname="com.yw.testcase.MaterialBasicTest">
    <failure type="java.lang.NoClassDefFoundError" message="org/apache/commons/logging/LogFactory">
      <![CDATA[java.lang.NoClassDefFoundError: org/apache/commons/logging/LogFactory
at org.apache.http.conn.ssl.AbstractVerifier.<init>(AbstractVerifier.java:61)
at org.apache.http.conn.ssl.AllowAllHostnameVerifier.<init>(AllowAllHostnameVerifier.java:44)
at org.apache.http.conn.ssl.AllowAllHostnameVerifier.<clinit>(AllowAllHostnameVerifier.java:46)
at org.apache.http.conn.ssl.SSLConnectionSocketFactory.<clinit>(SSLConnectionSocketFactory.java:146)
at org.openqa.selenium.remote.internal.HttpClientFactory.getClientConnectionManager(HttpClientFactory.java:71)
at org.openqa.selenium.remote.internal.HttpClientFactory.<init>(HttpClientFactory.java:57)
at org.openqa.selenium.remote.internal.HttpClientFactory.<init>(HttpClientFactory.java:60)
at org.openqa.selenium.remote.internal.ApacheHttpClient$Factory.getDefaultHttpClientFactory(ApacheHttpClient.java:247)
at org.openqa.selenium.remote.internal.ApacheHttpClient$Factory.<init>(ApacheHttpClient.java:224)
at org.openqa.selenium.remote.HttpCommandExecutor.getDefaultClientFactory(HttpCommandExecutor.java:93)
at org.openqa.selenium.remote.HttpCommandExecutor.<init>(HttpCommandExecutor.java:72)
at org.openqa.selenium.remote.service.DriverCommandExecutor.<init>(DriverCommandExecutor.java:62)
at org.openqa.selenium.chrome.ChromeDriverCommandExecutor.<init>(ChromeDriverCommandExecutor.java:39)
at org.openqa.selenium.chrome.ChromeDriver.<init>(ChromeDriver.java:184)
at org.openqa.selenium.chrome.ChromeDriver.<init>(ChromeDriver.java:171)
at org.openqa.selenium.chrome.ChromeDriver.<init>(ChromeDriver.java:124)
at com.yw.utils.BrowserUtil.chrome(BrowserUtil.java:21)
at com.yw.testcase.MaterialBasicTest.beforeClass(MaterialBasicTest.java:36)
Caused by: java.lang.ClassNotFoundException: org.apache.commons.logging.LogFactory
at java.net.URLClassLoader.findClass(URLClassLoader.java:381)
at java.lang.ClassLoader.loadClass(ClassLoader.java:424)
at sun.misc.Launcher$AppClassLoader.loadClass(Launcher.java:349)
at java.lang.ClassLoader.loadClass(ClassLoader.java:357)
... 53 more
... Removed 35 stack frames]]>
    </failure>
  </testcase> <!-- @BeforeClass beforeClass -->
  <testcase name="@BeforeMethod beforeMethod" time="0.0" classname="com.yw.testcase.MaterialBasicTest">
    <skipped/>
  </testcase> <!-- @BeforeMethod beforeMethod -->
  <testcase name="@AfterClass afterTest" time="0.0" classname="com.yw.testcase.MaterialBasicTest">
    <skipped/>
  </testcase> <!-- @AfterClass afterTest -->
  <testcase name="materialBasicIndex" time="0.0" classname="com.yw.testcase.MaterialBasicTest">
    <skipped/>
  </testcase> <!-- materialBasicIndex -->
  <testcase name="materialBasicModify" time="0.0" classname="com.yw.testcase.MaterialBasicTest">
    <skipped/>
  </testcase> <!-- materialBasicModify -->
  <testcase name="materialBasicCheck" time="0.0" classname="com.yw.testcase.MaterialBasicTest">
    <skipped/>
  </testcase> <!-- materialBasicCheck -->
  <testcase name="materialBasicDel" time="0.0" classname="com.yw.testcase.MaterialBasicTest">
    <skipped/>
  </testcase> <!-- materialBasicDel -->
  <testcase name="materialBasicCreate" time="0.0" classname="com.yw.testcase.MaterialBasicTest">
    <ignored/>
  </testcase> <!-- materialBasicCreate -->
</testsuite> <!-- Test -->
